#
# There is insufficient memory for the Java Runtime Environment to continue.
# Native memory allocation (malloc) failed to allocate 1045376 bytes for Chunk::new
# Possible reasons:
#   The system is out of physical RAM or swap space
#   In 32 bit mode, the process size limit was hit
# Possible solutions:
#   Reduce memory load on the system
#   Increase physical memory or swap space
#   Check if swap backing store is full
#   Use 64 bit Java on a 64 bit OS
#   Decrease Java heap size (-Xmx/-Xms)
#   Decrease number of Java threads
#   Decrease Java thread stack sizes (-Xss)
#   Set larger code cache with -XX:ReservedCodeCacheSize=
# This output file may be truncated or incomplete.
#
#  Out of Memory Error (allocation.cpp:390), pid=12664, tid=0x0000000000002b78
#
# JRE version: OpenJDK Runtime Environment (8.0_152-b01) (build 1.8.0_152-release-1248-b01)
# Java VM: OpenJDK 64-Bit Server VM (25.152-b01 mixed mode windows-amd64 compressed oops)
# Failed to write core dump. Minidumps are not enabled by default on client versions of Windows
#

---------------  T H R E A D  ---------------

Current thread (0x0000000015cec000):  JavaThread "C2 CompilerThread1" daemon [_thread_in_native, id=11128, stack(0x0000000017450000,0x0000000017550000)]

Stack: [0x0000000017450000,0x0000000017550000]
[error occurred during error reporting (printing stack bounds), id 0xc0000005]

Native frames: (J=compiled Java code, j=interpreted, Vv=VM code, C=native code)


Current CompileTask:
C2:3339315 21425       4       com.android.tools.r8.graph.DexDebugEventBuilder::add (224 bytes)


---------------  P R O C E S S  ---------------

Java Threads: ( => current thread )
  0x000000001f922800 JavaThread "ForkJoinPool-1-worker-1" daemon [_thread_in_Java, id=11652, stack(0x0000000028f30000,0x0000000029030000)]
  0x0000000018d0e000 JavaThread "Cache worker for Java compile cache (G:\Projects\PaddyDTB\.gradle\4.10.1\javaCompile)" [_thread_blocked, id=9364, stack(0x0000000027b90000,0x0000000027c90000)]
  0x0000000018d14000 JavaThread "Cache worker for Java compile cache (C:\Users\Chethana Arunodh\.gradle\caches\4.10.1\javaCompile)" [_thread_blocked, id=4456, stack(0x0000000027390000,0x0000000027490000)]
  0x0000000018d15000 JavaThread "RMI TCP Connection(1)-127.0.0.1" daemon [_thread_in_native, id=696, stack(0x0000000027f90000,0x0000000028090000)]
  0x0000000018d11000 JavaThread "RMI Reaper" [_thread_blocked, id=1136, stack(0x0000000027e90000,0x0000000027f90000)]
  0x000000001e974000 JavaThread "RMI TCP Accept-0" daemon [_thread_in_native, id=15088, stack(0x0000000027d90000,0x0000000027e90000)]
  0x000000001e973000 JavaThread "GC Daemon" daemon [_thread_blocked, id=13528, stack(0x0000000027c90000,0x0000000027d90000)]
  0x000000001e967000 JavaThread "RMI Scheduler(0)" daemon [_thread_blocked, id=6336, stack(0x0000000025d40000,0x0000000025e40000)]
  0x000000001e975800 JavaThread "stdout" daemon [_thread_in_native, id=2144, stack(0x0000000027a90000,0x0000000027b90000)]
  0x000000001e972800 JavaThread "stderr" daemon [_thread_in_native, id=12024, stack(0x0000000027990000,0x0000000027a90000)]
  0x000000001e96f800 JavaThread "stdout" daemon [_thread_in_native, id=1088, stack(0x0000000027890000,0x0000000027990000)]
  0x000000001e974800 JavaThread "stderr" daemon [_thread_in_native, id=1492, stack(0x0000000027790000,0x0000000027890000)]
  0x000000001e971800 JavaThread "stdout" daemon [_thread_in_native, id=14232, stack(0x0000000027690000,0x0000000027790000)]
  0x000000001e971000 JavaThread "stderr" daemon [_thread_in_native, id=6804, stack(0x0000000027590000,0x0000000027690000)]
  0x000000001e966800 JavaThread "pool-11-thread-1" [_thread_blocked, id=9152, stack(0x0000000027490000,0x0000000027590000)]
  0x000000001e96b800 JavaThread "Cache worker for Build Output Cleanup Cache (G:\Projects\PaddyDTB\.gradle\buildOutputCleanup)" [_thread_blocked, id=1856, stack(0x0000000025a40000,0x0000000025b40000)]
  0x000000001e96a000 JavaThread "Cache worker for task history cache (G:\Projects\PaddyDTB\.gradle\4.10.1\taskHistory)" [_thread_blocked, id=8036, stack(0x0000000025940000,0x0000000025a40000)]
  0x000000001e96b000 JavaThread "Task worker for ':' Thread 3" [_thread_blocked, id=8064, stack(0x0000000025840000,0x0000000025940000)]
  0x000000001e969800 JavaThread "Task worker for ':' Thread 2" [_thread_blocked, id=4100, stack(0x0000000025740000,0x0000000025840000)]
  0x000000001e968800 JavaThread "Task worker for ':'" [_thread_blocked, id=5468, stack(0x0000000025640000,0x0000000025740000)]
  0x0000000019af0000 JavaThread "Cache worker for file content cache (G:\Projects\PaddyDTB\.gradle\4.10.1\fileContent)" [_thread_blocked, id=11192, stack(0x0000000025340000,0x0000000025440000)]
  0x0000000019af6800 JavaThread "Build operations Thread 4" [_thread_blocked, id=4288, stack(0x0000000024640000,0x0000000024740000)]
  0x0000000019af6000 JavaThread "Build operations Thread 3" [_thread_blocked, id=1396, stack(0x0000000024540000,0x0000000024640000)]
  0x0000000019af5000 JavaThread "Build operations Thread 2" [_thread_blocked, id=4060, stack(0x0000000024440000,0x0000000024540000)]
  0x0000000019af1800 JavaThread "Build operations" [_thread_blocked, id=7740, stack(0x00000000240f0000,0x00000000241f0000)]
  0x0000000019af4800 JavaThread "Cache worker for cache directory md-rule (C:\Users\Chethana Arunodh\.gradle\caches\4.10.1\md-rule)" [_thread_blocked, id=3064, stack(0x0000000022a20000,0x0000000022b20000)]
  0x0000000019af3800 JavaThread "Cache worker for cache directory md-supplier (C:\Users\Chethana Arunodh\.gradle\caches\4.10.1\md-supplier)" [_thread_blocked, id=11528, stack(0x0000000020e20000,0x0000000020f20000)]
  0x0000000019af0800 JavaThread "Cache worker for file hash cache (G:\Projects\PaddyDTB\.gradle\4.10.1\fileHashes)" [_thread_blocked, id=10560, stack(0x0000000020b20000,0x0000000020c20000)]
  0x0000000019ae8800 JavaThread "Stdin handler" [_thread_blocked, id=9940, stack(0x0000000020a20000,0x0000000020b20000)]
  0x0000000019aee800 JavaThread "Asynchronous log dispatcher for DefaultDaemonConnection: socket connection from /127.0.0.1:54368 to /127.0.0.1:54944" [_thread_blocked, id=11452, stack(0x0000000020920000,0x0000000020a20000)]
  0x0000000019aed800 JavaThread "Daemon worker Thread 9" [_thread_blocked, id=9440, stack(0x000000001ddd0000,0x000000001ded0000)]
  0x0000000019aed000 JavaThread "Cancel handler" [_thread_blocked, id=7260, stack(0x000000001b870000,0x000000001b970000)]
  0x0000000019aeb800 JavaThread "Handler for socket connection from /127.0.0.1:54368 to /127.0.0.1:54944" [_thread_in_native, id=12828, stack(0x000000001b170000,0x000000001b270000)]
  0x0000000019aec000 JavaThread "Daemon Thread 9" [_thread_blocked, id=13260, stack(0x000000001ac70000,0x000000001ad70000)]
  0x0000000019aef000 JavaThread "pool-1-thread-1" [_thread_blocked, id=9240, stack(0x000000001cb40000,0x000000001cc40000)]
  0x0000000019ae9000 JavaThread "Cache worker for file content cache (C:\Users\Chethana Arunodh\.gradle\caches\4.10.1\fileContent)" [_thread_blocked, id=13952, stack(0x0000000021c60000,0x0000000021d60000)]
  0x0000000019aea000 JavaThread "Memory manager" [_thread_blocked, id=14924, stack(0x0000000021120000,0x0000000021220000)]
  0x0000000018d12000 JavaThread "Cache worker for Artifact transforms cache (C:\Users\Chethana Arunodh\.gradle\caches\transforms-1)" [_thread_blocked, id=7292, stack(0x000000001f190000,0x000000001f290000)]
  0x0000000018d0f800 JavaThread "Cache worker for journal cache (C:\Users\Chethana Arunodh\.gradle\caches\journal-1)" [_thread_blocked, id=1124, stack(0x000000001cd00000,0x000000001ce00000)]
  0x0000000019838000 JavaThread "File lock request listener" [_thread_in_native, id=4572, stack(0x000000001b770000,0x000000001b870000)]
  0x0000000018e65800 JavaThread "Cache worker for file hash cache (C:\Users\Chethana Arunodh\.gradle\caches\4.10.1\fileHashes)" [_thread_blocked, id=14920, stack(0x000000001b670000,0x000000001b770000)]
  0x00000000188ee800 JavaThread "Daemon periodic checks" [_thread_blocked, id=3004, stack(0x000000001ab70000,0x000000001ac70000)]
  0x0000000019357000 JavaThread "Incoming local TCP Connector on port 54368" [_thread_in_native, id=12048, stack(0x000000001a930000,0x000000001aa30000)]
  0x0000000015d4c800 JavaThread "Service Thread" daemon [_thread_blocked, id=12340, stack(0x0000000017a50000,0x0000000017b50000)]
  0x0000000015d44000 JavaThread "C1 CompilerThread2" daemon [_thread_in_vm, id=1424, stack(0x0000000017550000,0x0000000017650000)]
=>0x0000000015cec000 JavaThread "C2 CompilerThread1" daemon [_thread_in_native, id=11128, stack(0x0000000017450000,0x0000000017550000)]
  0x0000000015ce8000 JavaThread "C2 CompilerThread0" daemon [_thread_in_native, id=9460, stack(0x0000000017350000,0x0000000017450000)]
  0x0000000015cf5800 JavaThread "Attach Listener" daemon [_thread_blocked, id=10244, stack(0x0000000017250000,0x0000000017350000)]
  0x0000000015cf4800 JavaThread "Signal Dispatcher" daemon [_thread_blocked, id=10920, stack(0x0000000017150000,0x0000000017250000)]
  0x000000000237b800 JavaThread "Finalizer" daemon [_thread_blocked, id=13428, stack(0x0000000016f50000,0x0000000017050000)]
  0x0000000002370800 JavaThread "Reference Handler" daemon [_thread_blocked, id=6940, stack(0x0000000016e50000,0x0000000016f50000)]
  0x000000000217d800 JavaThread "main" [_thread_blocked, id=9960, stack(0x0000000002180000,0x0000000002280000)]

Other Threads:
  0x0000000015cb7800 VMThread [stack: 0x0000000016d50000,0x0000000016e50000] [id=12884]
  0x0000000015d4d800 WatcherThread [stack: 0x0000000017b50000,0x0000000017c50000] [id=6716]

VM state:not at safepoint (normal execution)

VM Mutex/Monitor currently owned by a thread: None

Heap:
 PSYoungGen      total 190976K, used 131707K [0x00000000e0000000, 0x00000000eff00000, 0x0000000100000000)
  eden space 136192K, 92% used [0x00000000e0000000,0x00000000e7a86fd8,0x00000000e8500000)
  from space 54784K, 11% used [0x00000000e8500000,0x00000000e8b17e30,0x00000000eba80000)
  to   space 54272K, 0% used [0x00000000eca00000,0x00000000eca00000,0x00000000eff00000)
 ParOldGen       total 136704K, used 73625K [0x00000000a0000000, 0x00000000a8580000, 0x00000000e0000000)
  object space 136704K, 53% used [0x00000000a0000000,0x00000000a47e6458,0x00000000a8580000)
 Metaspace       used 100829K, capacity 105208K, committed 105856K, reserved 1140736K
  class space    used 12723K, capacity 13575K, committed 13696K, reserved 1048576K

Card table byte_map: [0x0000000011740000,0x0000000011a50000] byte_map_base: 0x0000000011240000

Marking Bits: (ParMarkBitMap*) 0x00000000743d5aa0
 Begin Bits: [0x0000000012050000, 0x0000000013850000)
 End Bits:   [0x0000000013850000, 0x0000000015050000)

Polling page: 0x0000000000820000

CodeCache: size=245760Kb used=62175Kb max_used=62537Kb free=183584Kb
 bounds [0x0000000002380000, 0x00000000060f0000, 0x0000000011380000]
 total_blobs=19122 nmethods=18188 adapters=845
 compilation: enabled

Compilation events (10 events):
Event: 3339.258 Thread 0x0000000015d44000 21896       2       java.util.regex.Pattern$SliceU::match (99 bytes)
Event: 3339.259 Thread 0x0000000015d44000 nmethod 21896 0x0000000003c31fd0 code [0x0000000003c32180, 0x0000000003c324f8]
Event: 3339.275 Thread 0x0000000015d44000 21897       2       sun.nio.fs.WindowsPath::getName (47 bytes)
Event: 3339.276 Thread 0x0000000015d44000 nmethod 21897 0x00000000024986d0 code [0x0000000002498860, 0x0000000002498ba8]
Event: 3339.281 Thread 0x0000000015d44000 21898  s    2       sun.nio.ch.ChannelInputStream::read (105 bytes)
Event: 3339.282 Thread 0x0000000015d44000 nmethod 21898 0x0000000003c31390 code [0x0000000003c31540, 0x0000000003c31bd8]
Event: 3339.297 Thread 0x0000000015d44000 21900   !   2       java.nio.file.FileTreeWalker::next (144 bytes)
Event: 3339.298 Thread 0x0000000015d44000 nmethod 21900 0x00000000025cf310 code [0x00000000025cf500, 0x00000000025cfb58]
Event: 3339.307 Thread 0x0000000015d44000 21901   !   2       sun.nio.ch.ChannelInputStream::read (95 bytes)
Event: 3339.307 Thread 0x0000000015d44000 nmethod 21901 0x00000000025719d0 code [0x0000000002571ba0, 0x00000000025720a8]

GC Heap History (10 events):
Event: 3335.200 GC heap before
{Heap before GC invocations=31 (full 3):
 PSYoungGen      total 172544K, used 101577K [0x00000000e0000000, 0x00000000ee100000, 0x0000000100000000)
  eden space 128000K, 44% used [0x00000000e0000000,0x00000000e37b2f28,0x00000000e7d00000)
  from space 44544K, 99% used [0x00000000e8080000,0x00000000eabff6e8,0x00000000eac00000)
  to   space 51200K, 0% used [0x00000000eaf00000,0x00000000eaf00000,0x00000000ee100000)
 ParOldGen       total 136704K, used 87552K [0x00000000a0000000, 0x00000000a8580000, 0x00000000e0000000)
  object space 136704K, 64% used [0x00000000a0000000,0x00000000a5580338,0x00000000a8580000)
 Metaspace       used 93682K, capacity 98268K, committed 98348K, reserved 1134592K
  class space    used 11949K, capacity 12911K, committed 12928K, reserved 1048576K
Event: 3335.233 GC heap after
Heap after GC invocations=31 (full 3):
 PSYoungGen      total 175616K, used 40691K [0x00000000e0000000, 0x00000000ef280000, 0x0000000100000000)
  eden space 124416K, 0% used [0x00000000e0000000,0x00000000e0000000,0x00000000e7980000)
  from space 51200K, 79% used [0x00000000eaf00000,0x00000000ed6bcf98,0x00000000ee100000)
  to   space 54784K, 0% used [0x00000000e7980000,0x00000000e7980000,0x00000000eaf00000)
 ParOldGen       total 136704K, used 90650K [0x00000000a0000000, 0x00000000a8580000, 0x00000000e0000000)
  object space 136704K, 66% used [0x00000000a0000000,0x00000000a5886a58,0x00000000a8580000)
 Metaspace       used 93682K, capacity 98268K, committed 98348K, reserved 1134592K
  class space    used 11949K, capacity 12911K, committed 12928K, reserved 1048576K
}
Event: 3335.233 GC heap before
{Heap before GC invocations=32 (full 4):
 PSYoungGen      total 175616K, used 40691K [0x00000000e0000000, 0x00000000ef280000, 0x0000000100000000)
  eden space 124416K, 0% used [0x00000000e0000000,0x00000000e0000000,0x00000000e7980000)
  from space 51200K, 79% used [0x00000000eaf00000,0x00000000ed6bcf98,0x00000000ee100000)
  to   space 54784K, 0% used [0x00000000e7980000,0x00000000e7980000,0x00000000eaf00000)
 ParOldGen       total 136704K, used 90650K [0x00000000a0000000, 0x00000000a8580000, 0x00000000e0000000)
  object space 136704K, 66% used [0x00000000a0000000,0x00000000a5886a58,0x00000000a8580000)
 Metaspace       used 93682K, capacity 98268K, committed 98348K, reserved 1134592K
  class space    used 11949K, capacity 12911K, committed 12928K, reserved 1048576K
Event: 3335.617 GC heap after
Heap after GC invocations=32 (full 4):
 PSYoungGen      total 175616K, used 0K [0x00000000e0000000, 0x00000000ef280000, 0x0000000100000000)
  eden space 124416K, 0% used [0x00000000e0000000,0x00000000e0000000,0x00000000e7980000)
  from space 51200K, 0% used [0x00000000eaf00000,0x00000000eaf00000,0x00000000ee100000)
  to   space 54784K, 0% used [0x00000000e7980000,0x00000000e7980000,0x00000000eaf00000)
 ParOldGen       total 136704K, used 73601K [0x00000000a0000000, 0x00000000a8580000, 0x00000000e0000000)
  object space 136704K, 53% used [0x00000000a0000000,0x00000000a47e0458,0x00000000a8580000)
 Metaspace       used 92632K, capacity 96226K, committed 98348K, reserved 1134592K
  class space    used 11758K, capacity 12524K, committed 12928K, reserved 1048576K
}
Event: 3337.054 GC heap before
{Heap before GC invocations=33 (full 4):
 PSYoungGen      total 175616K, used 124416K [0x00000000e0000000, 0x00000000ef280000, 0x0000000100000000)
  eden space 124416K, 100% used [0x00000000e0000000,0x00000000e7980000,0x00000000e7980000)
  from space 51200K, 0% used [0x00000000eaf00000,0x00000000eaf00000,0x00000000ee100000)
  to   space 54784K, 0% used [0x00000000e7980000,0x00000000e7980000,0x00000000eaf00000)
 ParOldGen       total 136704K, used 73601K [0x00000000a0000000, 0x00000000a8580000, 0x00000000e0000000)
  object space 136704K, 53% used [0x00000000a0000000,0x00000000a47e0458,0x00000000a8580000)
 Metaspace       used 100129K, capacity 104492K, committed 105344K, reserved 1140736K
  class space    used 12669K, capacity 13533K, committed 13696K, reserved 1048576K
Event: 3337.072 GC heap after
Heap after GC invocations=33 (full 4):
 PSYoungGen      total 179200K, used 10637K [0x00000000e0000000, 0x00000000eef80000, 0x0000000100000000)
  eden space 124416K, 0% used [0x00000000e0000000,0x00000000e0000000,0x00000000e7980000)
  from space 54784K, 19% used [0x00000000e7980000,0x00000000e83e36c8,0x00000000eaf00000)
  to   space 54272K, 0% used [0x00000000eba80000,0x00000000eba80000,0x00000000eef80000)
 ParOldGen       total 136704K, used 73609K [0x00000000a0000000, 0x00000000a8580000, 0x00000000e0000000)
  object space 136704K, 53% used [0x00000000a0000000,0x00000000a47e2458,0x00000000a8580000)
 Metaspace       used 100129K, capacity 104492K, committed 105344K, reserved 1140736K
  class space    used 12669K, capacity 13533K, committed 13696K, reserved 1048576K
}
Event: 3337.785 GC heap before
{Heap before GC invocations=34 (full 4):
 PSYoungGen      total 179200K, used 135053K [0x00000000e0000000, 0x00000000eef80000, 0x0000000100000000)
  eden space 124416K, 100% used [0x00000000e0000000,0x00000000e7980000,0x00000000e7980000)
  from space 54784K, 19% used [0x00000000e7980000,0x00000000e83e36c8,0x00000000eaf00000)
  to   space 54272K, 0% used [0x00000000eba80000,0x00000000eba80000,0x00000000eef80000)
 ParOldGen       total 136704K, used 73609K [0x00000000a0000000, 0x00000000a8580000, 0x00000000e0000000)
  object space 136704K, 53% used [0x00000000a0000000,0x00000000a47e2458,0x00000000a8580000)
 Metaspace       used 100307K, capacity 104644K, committed 105344K, reserved 1140736K
  class space    used 12672K, capacity 13533K, committed 13696K, reserved 1048576K
Event: 3337.805 GC heap after
Heap after GC invocations=34 (full 4):
 PSYoungGen      total 190464K, used 6134K [0x00000000e0000000, 0x00000000ef280000, 0x0000000100000000)
  eden space 136192K, 0% used [0x00000000e0000000,0x00000000e0000000,0x00000000e8500000)
  from space 54272K, 11% used [0x00000000eba80000,0x00000000ec07d908,0x00000000eef80000)
  to   space 54784K, 0% used [0x00000000e8500000,0x00000000e8500000,0x00000000eba80000)
 ParOldGen       total 136704K, used 73617K [0x00000000a0000000, 0x00000000a8580000, 0x00000000e0000000)
  object space 136704K, 53% used [0x00000000a0000000,0x00000000a47e4458,0x00000000a8580000)
 Metaspace       used 100307K, capacity 104644K, committed 105344K, reserved 1140736K
  class space    used 12672K, capacity 13533K, committed 13696K, reserved 1048576K
}
Event: 3338.570 GC heap before
{Heap before GC invocations=35 (full 4):
 PSYoungGen      total 190464K, used 142326K [0x00000000e0000000, 0x00000000ef280000, 0x0000000100000000)
  eden space 136192K, 100% used [0x00000000e0000000,0x00000000e8500000,0x00000000e8500000)
  from space 54272K, 11% used [0x00000000eba80000,0x00000000ec07d908,0x00000000eef80000)
  to   space 54784K, 0% used [0x00000000e8500000,0x00000000e8500000,0x00000000eba80000)
 ParOldGen       total 136704K, used 73617K [0x00000000a0000000, 0x00000000a8580000, 0x00000000e0000000)
  object space 136704K, 53% used [0x00000000a0000000,0x00000000a47e4458,0x00000000a8580000)
 Metaspace       used 100604K, capacity 104964K, committed 105600K, reserved 1140736K
  class space    used 12697K, capacity 13567K, committed 13696K, reserved 1048576K
Event: 3338.586 GC heap after
Heap after GC invocations=35 (full 4):
 PSYoungGen      total 190976K, used 6239K [0x00000000e0000000, 0x00000000eff00000, 0x0000000100000000)
  eden space 136192K, 0% used [0x00000000e0000000,0x00000000e0000000,0x00000000e8500000)
  from space 54784K, 11% used [0x00000000e8500000,0x00000000e8b17e30,0x00000000eba80000)
  to   space 54272K, 0% used [0x00000000eca00000,0x00000000eca00000,0x00000000eff00000)
 ParOldGen       total 136704K, used 73625K [0x00000000a0000000, 0x00000000a8580000, 0x00000000e0000000)
  object space 136704K, 53% used [0x00000000a0000000,0x00000000a47e6458,0x00000000a8580000)
 Metaspace       used 100604K, capacity 104964K, committed 105600K, reserved 1140736K
  class space    used 12697K, capacity 13567K, committed 13696K, reserved 1048576K
}

Deoptimization events (10 events):
Event: 3339.255 Thread 0x000000001f922800 Uncommon trap: reason=bimorphic action=maybe_recompile pc=0x0000000002e65650 method=java.util.stream.Sink$ChainedReference.cancellationRequested()Z @ 4
Event: 3339.255 Thread 0x000000001f922800 Uncommon trap: reason=bimorphic action=maybe_recompile pc=0x0000000002e65650 method=java.util.stream.Sink$ChainedReference.cancellationRequested()Z @ 4
Event: 3339.255 Thread 0x000000001f922800 Uncommon trap: reason=bimorphic action=maybe_recompile pc=0x0000000002e65650 method=java.util.stream.Sink$ChainedReference.cancellationRequested()Z @ 4
Event: 3339.255 Thread 0x000000001f922800 Uncommon trap: reason=bimorphic action=maybe_recompile pc=0x0000000002e65650 method=java.util.stream.Sink$ChainedReference.cancellationRequested()Z @ 4
Event: 3339.255 Thread 0x000000001f922800 Uncommon trap: reason=unstable_if action=reinterpret pc=0x0000000003a23614 method=java.nio.file.FileTreeWalker.getAttributes(Ljava/nio/file/Path;Z)Ljava/nio/file/attribute/BasicFileAttributes; @ 35
Event: 3339.257 Thread 0x000000001f922800 Uncommon trap: reason=unstable_if action=reinterpret pc=0x0000000003c84028 method=sun.nio.ch.ChannelInputStream.read([BII)I @ 37
Event: 3339.257 Thread 0x000000001f922800 Uncommon trap: reason=class_check action=maybe_recompile pc=0x000000000287c910 method=java.util.Spliterators$1Adapter.hasNext()Z @ 12
Event: 3339.258 Thread 0x000000001f922800 Uncommon trap: reason=class_check action=maybe_recompile pc=0x000000000287c910 method=java.util.Spliterators$1Adapter.hasNext()Z @ 12
Event: 3339.258 Thread 0x000000001f922800 Uncommon trap: reason=class_check action=maybe_recompile pc=0x000000000287c910 method=java.util.Spliterators$1Adapter.hasNext()Z @ 12
Event: 3339.288 Thread 0x000000001f922800 Uncommon trap: reason=unstable_if action=reinterpret pc=0x0000000003c8fe9c method=java.nio.Bits.copyToArray(JLjava/lang/Object;JJJ)V @ 19

Classes redefined (0 events):
No events

Internal exceptions (10 events):
Event: 3335.053 Thread 0x000000001e968800 Exception <a 'java/lang/NoSuchMethodError': java.lang.Object.lambda$and$0(Ljava/util/function/Predicate;Ljava/lang/Object;)Z> (0x00000000e2324dd8) thrown at [D:\src\AOSP-openjdk-cygwin\jdk8u\hotspot\src\share\vm\interpreter\linkResolver.cpp, line 584]
Event: 3335.054 Thread 0x0000000019af6800 Exception <a 'java/lang/NoSuchMethodError': java.lang.Object.lambda$and$0(Ljava/util/function/Predicate;Ljava/lang/Object;)Z> (0x00000000e2199628) thrown at [D:\src\AOSP-openjdk-cygwin\jdk8u\hotspot\src\share\vm\interpreter\linkResolver.cpp, line 584]
Event: 3335.054 Thread 0x0000000019af1800 Exception <a 'java/lang/NoSuchMethodError': java.lang.Object.lambda$and$0(Ljava/util/function/Predicate;Ljava/lang/Object;)Z> (0x00000000e2277438) thrown at [D:\src\AOSP-openjdk-cygwin\jdk8u\hotspot\src\share\vm\interpreter\linkResolver.cpp, line 584]
Event: 3335.082 Thread 0x0000000019af1800 Exception <a 'sun/nio/fs/WindowsException'> (0x00000000e28b3ce8) thrown at [D:\src\AOSP-openjdk-cygwin\jdk8u\hotspot\src\share\vm\prims\jni.cpp, line 709]
Event: 3335.089 Thread 0x000000001e968800 Exception <a 'sun/nio/fs/WindowsException'> (0x00000000e2ddbac0) thrown at [D:\src\AOSP-openjdk-cygwin\jdk8u\hotspot\src\share\vm\prims\jni.cpp, line 709]
Event: 3335.103 Thread 0x0000000019af6800 Exception <a 'sun/nio/fs/WindowsException'> (0x00000000e32847a0) thrown at [D:\src\AOSP-openjdk-cygwin\jdk8u\hotspot\src\share\vm\prims\jni.cpp, line 709]
Event: 3336.944 Thread 0x0000000019af1800 Exception <a 'sun/nio/fs/WindowsException'> (0x00000000e715f468) thrown at [D:\src\AOSP-openjdk-cygwin\jdk8u\hotspot\src\share\vm\prims\jni.cpp, line 709]
Event: 3337.736 Thread 0x000000001e968800 Implicit null exception at 0x0000000005f801ce to 0x0000000005f81479
Event: 3338.089 Thread 0x000000001e968800 Exception <a 'sun/nio/fs/WindowsException'> (0x00000000e2f22a98) thrown at [D:\src\AOSP-openjdk-cygwin\jdk8u\hotspot\src\share\vm\prims\jni.cpp, line 709]
Event: 3339.148 Thread 0x0000000019af6800 Exception <a 'sun/nio/fs/WindowsException'> (0x00000000e6d64598) thrown at [D:\src\AOSP-openjdk-cygwin\jdk8u\hotspot\src\share\vm\prims\jni.cpp, line 709]

Events (10 events):
Event: 3339.283 Thread 0x0000000015d44000 flushing nmethod 0x0000000002cd7fd0
Event: 3339.288 Thread 0x000000001f922800 Uncommon trap: trap_request=0xffffff65 fr.pc=0x0000000003c8fe9c
Event: 3339.288 Thread 0x000000001f922800 DEOPT PACKING pc=0x0000000003c8fe9c sp=0x000000002902eaa0
Event: 3339.289 Thread 0x000000001f922800 DEOPT UNPACKING pc=0x00000000023c557b sp=0x000000002902e7f0 mode 2
Event: 3339.298 Thread 0x0000000015d44000 flushing nmethod 0x0000000002e57310
Event: 3339.299 Thread 0x0000000015d44000 flushing nmethod 0x0000000002e99f50
Event: 3339.299 Thread 0x0000000015d44000 flushing nmethod 0x0000000002eb2d90
Event: 3339.299 Thread 0x0000000015d44000 flushing nmethod 0x0000000002f689d0
Event: 3339.308 Thread 0x0000000015d44000 flushing nmethod 0x0000000003212650
Event: 3339.308 Thread 0x0000000015d44000 flushing nmethod 0x000000000322b110


Dynamic libraries:
0x00007ff7c3110000 - 0x00007ff7c3141000 	C:\Program Files\Android\Android Studio\jre\bin\java.exe
0x00007ff97fa60000 - 0x00007ff97fc50000 	C:\WINDOWS\SYSTEM32\ntdll.dll
0x00007ff956640000 - 0x00007ff956652000 	C:\Program Files\AVAST Software\Avast\aswhook.dll
0x00007ff97e860000 - 0x00007ff97e912000 	C:\WINDOWS\System32\KERNEL32.DLL
0x00007ff97c9f0000 - 0x00007ff97cc92000 	C:\WINDOWS\System32\KERNELBASE.dll
0x00007ff97f5d0000 - 0x00007ff97f673000 	C:\WINDOWS\System32\ADVAPI32.dll
0x00007ff97dc00000 - 0x00007ff97dc9e000 	C:\WINDOWS\System32\msvcrt.dll
0x00007ff97ea00000 - 0x00007ff97ea97000 	C:\WINDOWS\System32\sechost.dll
0x00007ff97e740000 - 0x00007ff97e860000 	C:\WINDOWS\System32\RPCRT4.dll
0x00007ff97f390000 - 0x00007ff97f523000 	C:\WINDOWS\System32\USER32.dll
0x00007ff97ccf0000 - 0x00007ff97cd11000 	C:\WINDOWS\System32\win32u.dll
0x00007ff97f680000 - 0x00007ff97f6a6000 	C:\WINDOWS\System32\GDI32.dll
0x00007ff97d980000 - 0x00007ff97db14000 	C:\WINDOWS\System32\gdi32full.dll
0x00007ff97cde0000 - 0x00007ff97ce7e000 	C:\WINDOWS\System32\msvcp_win.dll
0x00007ff97d820000 - 0x00007ff97d91a000 	C:\WINDOWS\System32\ucrtbase.dll
0x00007ff96e0e0000 - 0x00007ff96e365000 	C:\WINDOWS\WinSxS\amd64_microsoft.windows.common-controls_6595b64144ccf1df_6.0.18362.116_none_e6c4ac41130f2c3a\COMCTL32.dll
0x00007ff97f6e0000 - 0x00007ff97fa16000 	C:\WINDOWS\System32\combase.dll
0x00007ff97cd50000 - 0x00007ff97cdd1000 	C:\WINDOWS\System32\bcryptPrimitives.dll
0x00007ff97f6b0000 - 0x00007ff97f6de000 	C:\WINDOWS\System32\IMM32.DLL
0x0000000073a30000 - 0x0000000073b02000 	C:\Program Files\Android\Android Studio\jre\jre\bin\msvcr100.dll
0x0000000073c10000 - 0x0000000074451000 	C:\Program Files\Android\Android Studio\jre\jre\bin\server\jvm.dll
0x00007ff97f250000 - 0x00007ff97f258000 	C:\WINDOWS\System32\PSAPI.DLL
0x00007ff969370000 - 0x00007ff969379000 	C:\WINDOWS\SYSTEM32\WSOCK32.dll
0x00007ff97f2c0000 - 0x00007ff97f32f000 	C:\WINDOWS\System32\WS2_32.dll
0x00007ff977b30000 - 0x00007ff977b54000 	C:\WINDOWS\SYSTEM32\WINMM.dll
0x00007ff97b4a0000 - 0x00007ff97b4aa000 	C:\WINDOWS\SYSTEM32\VERSION.dll
0x00007ff977b00000 - 0x00007ff977b2d000 	C:\WINDOWS\SYSTEM32\WINMMBASE.dll
0x00007ff97cca0000 - 0x00007ff97ccea000 	C:\WINDOWS\System32\cfgmgr32.dll
0x00007ff96bc40000 - 0x00007ff96bc4f000 	C:\Program Files\Android\Android Studio\jre\jre\bin\verify.dll
0x00007ff956800000 - 0x00007ff956829000 	C:\Program Files\Android\Android Studio\jre\jre\bin\java.dll
0x00007ff958880000 - 0x00007ff958896000 	C:\Program Files\Android\Android Studio\jre\jre\bin\zip.dll
0x00007ff97de50000 - 0x00007ff97e530000 	C:\WINDOWS\System32\SHELL32.dll
0x00007ff97eb20000 - 0x00007ff97ebc9000 	C:\WINDOWS\System32\shcore.dll
0x00007ff97d0a0000 - 0x00007ff97d81a000 	C:\WINDOWS\System32\windows.storage.dll
0x00007ff97c940000 - 0x00007ff97c95f000 	C:\WINDOWS\System32\profapi.dll
0x00007ff97c9a0000 - 0x00007ff97c9ea000 	C:\WINDOWS\System32\powrprof.dll
0x00007ff97c930000 - 0x00007ff97c940000 	C:\WINDOWS\System32\UMPDC.dll
0x00007ff97f260000 - 0x00007ff97f2b2000 	C:\WINDOWS\System32\shlwapi.dll
0x00007ff97c960000 - 0x00007ff97c971000 	C:\WINDOWS\System32\kernel.appcore.dll
0x00007ff97cfd0000 - 0x00007ff97cfe7000 	C:\WINDOWS\System32\cryptsp.dll
0x00007ff9567e0000 - 0x00007ff9567fa000 	C:\Program Files\Android\Android Studio\jre\jre\bin\net.dll
0x00007ff97c1a0000 - 0x00007ff97c207000 	C:\WINDOWS\system32\mswsock.dll
0x00007ff956420000 - 0x00007ff956431000 	C:\Program Files\Android\Android Studio\jre\jre\bin\nio.dll
0x00007ff969be0000 - 0x00007ff969bfe000 	C:\Users\Chethana Arunodh\.gradle\native\25\windows-amd64\native-platform.dll
0x00007ff96b0b0000 - 0x00007ff96b0bd000 	C:\Program Files\Android\Android Studio\jre\jre\bin\management.dll
0x00007ff97bd60000 - 0x00007ff97bd93000 	C:\WINDOWS\system32\rsaenh.dll
0x00007ff97cd20000 - 0x00007ff97cd46000 	C:\WINDOWS\System32\bcrypt.dll
0x00007ff97c850000 - 0x00007ff97c875000 	C:\WINDOWS\SYSTEM32\USERENV.dll
0x00007ff97c370000 - 0x00007ff97c37c000 	C:\WINDOWS\SYSTEM32\CRYPTBASE.dll
0x00007ff97bf00000 - 0x00007ff97bf3a000 	C:\WINDOWS\SYSTEM32\IPHLPAPI.DLL
0x00007ff97e920000 - 0x00007ff97e928000 	C:\WINDOWS\System32\NSI.dll
0x00007ff978610000 - 0x00007ff978626000 	C:\WINDOWS\SYSTEM32\dhcpcsvc6.DLL
0x00007ff9785f0000 - 0x00007ff97860c000 	C:\WINDOWS\SYSTEM32\dhcpcsvc.DLL
0x00007ff97bf40000 - 0x00007ff97c00a000 	C:\WINDOWS\SYSTEM32\DNSAPI.dll
0x00007ff94db20000 - 0x00007ff94db44000 	C:\Program Files\Android\Android Studio\jre\jre\bin\sunec.dll
0x0000000074880000 - 0x00000000748a6000 	C:\Program Files\Bonjour\mdnsNSP.dll
0x00007ff9734e0000 - 0x00007ff9734ea000 	C:\Windows\System32\rasadhlp.dll
0x00007ff9781a0000 - 0x00007ff978217000 	C:\WINDOWS\System32\fwpuclnt.dll
0x00007ff96c6c0000 - 0x00007ff96c6cb000 	C:\Program Files\Android\Android Studio\jre\jre\bin\sunmscapi.dll
0x00007ff97ce80000 - 0x00007ff97cfc9000 	C:\WINDOWS\System32\CRYPT32.dll
0x00007ff97c980000 - 0x00007ff97c992000 	C:\WINDOWS\System32\MSASN1.dll
0x00007ff96d5b0000 - 0x00007ff96d5ce000 	C:\Users\Chethana Arunodh\AppData\Local\Temp\native-platform3167441386853557578dir\native-platform.dll

VM Arguments:
jvm_args: -Xmx1536m -Dfile.encoding=windows-1252 -Duser.country=US -Duser.language=en -Duser.variant 
java_command: org.gradle.launcher.daemon.bootstrap.GradleDaemon 4.10.1
java_class_path (initial): C:\Users\Chethana Arunodh\.gradle\wrapper\dists\gradle-4.10.1-all\455itskqi2qtf0v2sja68alqd\gradle-4.10.1\lib\gradle-launcher-4.10.1.jar
Launcher Type: SUN_STANDARD

Environment Variables:
PATH=C:\Windows\system32;C:\Windows;C:\Windows\System32\Wbem;C:\Windows\System32\WindowsPowerShell\v1.0\;C:\Program Files (x86)\NVIDIA Corporation\PhysX\Common;C:\WINDOWS\system32;C:\WINDOWS;C:\WINDOWS\System32\Wbem;C:\WINDOWS\System32\WindowsPowerShell\v1.0\;C:\Program Files\NVIDIA Corporation\NVIDIA NvDLISR;C:\WINDOWS\System32\OpenSSH\;C:\Program Files\Git\cmd;C:\Users\Chethana Arunodh\AppData\Local\Microsoft\WindowsApps;
USERNAME=Chethana Arunodh
OS=Windows_NT
PROCESSOR_IDENTIFIER=Intel64 Family 6 Model 60 Stepping 3, GenuineIntel



---------------  S Y S T E M  ---------------

OS: Windows 10.0 , 64 bit Build 18362 (10.0.18362.86)

CPU:total 4 (initial active 4) (4 cores per cpu, 1 threads per core) family 6 model 60 stepping 3, cmov, cx8, fxsr, mmx, sse, sse2, sse3, ssse3, sse4.1, sse4.2, popcnt, avx, avx2, aes, clmul, erms, lzcnt, tsc, tscinvbit, bmi1, bmi2

Memory: 4k page, physical 8278832k(545564k free), swap 14422832k(8732k free)

vm_info: OpenJDK 64-Bit Server VM (25.152-b01) for windows-amd64 JRE (1.8.0_152-release-1248-b01), built by "builder" with MS VC++ 10.0 (VS2010)

time: Sat May 25 22:11:33 2019
elapsed time: 3339 seconds (0d 0h 55m 39s)

